{"/home/alain/andela project/my-react-app/src/App.jsx": {"path":"/home/alain/andela project/my-react-app/src/App.jsx","statementMap":{"0":{"start":{"line":16,"column":20},"end":{"line":16,"column":37}},"1":{"start":{"line":19,"column":16},"end":{"line":19,"column":32}},"2":{"start":{"line":21,"column":2},"end":{"line":37,"column":4}}},"fnMap":{"0":{"name":"App","decl":{"start":{"line":18,"column":9},"end":{"line":18,"column":12}},"loc":{"start":{"line":18,"column":15},"end":{"line":38,"column":1}},"line":18}},"branchMap":{},"s":{"0":0,"1":0,"2":0},"f":{"0":0},"b":{}}
,"/home/alain/andela project/my-react-app/src/i18n.js": {"path":"/home/alain/andela project/my-react-app/src/i18n.js","statementMap":{"0":{"start":{"line":8,"column":0},"end":{"line":24,"column":5}}},"fnMap":{},"branchMap":{},"s":{"0":0},"f":{},"b":{}}
,"/home/alain/andela project/my-react-app/src/store.js": {"path":"/home/alain/andela project/my-react-app/src/store.js","statementMap":{"0":{"start":{"line":5,"column":21},"end":{"line":9,"column":2}}},"fnMap":{},"branchMap":{},"s":{"0":0},"f":{},"b":{}}
,"/home/alain/andela project/my-react-app/src/components/Layout.jsx": {"path":"/home/alain/andela project/my-react-app/src/components/Layout.jsx","statementMap":{"0":{"start":{"line":5,"column":15},"end":{"line":17,"column":1}},"1":{"start":{"line":6,"column":2},"end":{"line":16,"column":4}}},"fnMap":{"0":{"name":"(anonymous_0)","decl":{"start":{"line":5,"column":15},"end":{"line":5,"column":16}},"loc":{"start":{"line":5,"column":33},"end":{"line":17,"column":1}},"line":5}},"branchMap":{},"s":{"0":0,"1":0},"f":{"0":0},"b":{}}
,"/home/alain/andela project/my-react-app/src/components/Sidebar.jsx": {"path":"/home/alain/andela project/my-react-app/src/components/Sidebar.jsx","statementMap":{"0":{"start":{"line":5,"column":16},"end":{"line":67,"column":1}},"1":{"start":{"line":6,"column":19},"end":{"line":6,"column":32}},"2":{"start":{"line":8,"column":19},"end":{"line":8,"column":55}},"3":{"start":{"line":8,"column":29},"end":{"line":8,"column":55}},"4":{"start":{"line":10,"column":2},"end":{"line":66,"column":4}}},"fnMap":{"0":{"name":"(anonymous_0)","decl":{"start":{"line":5,"column":16},"end":{"line":5,"column":17}},"loc":{"start":{"line":5,"column":22},"end":{"line":67,"column":1}},"line":5},"1":{"name":"(anonymous_1)","decl":{"start":{"line":8,"column":19},"end":{"line":8,"column":20}},"loc":{"start":{"line":8,"column":29},"end":{"line":8,"column":55}},"line":8}},"branchMap":{"0":{"loc":{"start":{"line":19,"column":77},"end":{"line":19,"column":185}},"type":"cond-expr","locations":[{"start":{"line":19,"column":93},"end":{"line":19,"column":180}},{"start":{"line":19,"column":183},"end":{"line":19,"column":185}}],"line":19},"1":{"loc":{"start":{"line":25,"column":77},"end":{"line":25,"column":189}},"type":"cond-expr","locations":[{"start":{"line":25,"column":97},"end":{"line":25,"column":184}},{"start":{"line":25,"column":187},"end":{"line":25,"column":189}}],"line":25},"2":{"loc":{"start":{"line":31,"column":77},"end":{"line":31,"column":193}},"type":"cond-expr","locations":[{"start":{"line":31,"column":101},"end":{"line":31,"column":188}},{"start":{"line":31,"column":191},"end":{"line":31,"column":193}}],"line":31},"3":{"loc":{"start":{"line":37,"column":77},"end":{"line":37,"column":193}},"type":"cond-expr","locations":[{"start":{"line":37,"column":101},"end":{"line":37,"column":188}},{"start":{"line":37,"column":191},"end":{"line":37,"column":193}}],"line":37},"4":{"loc":{"start":{"line":61,"column":83},"end":{"line":61,"column":196}},"type":"cond-expr","locations":[{"start":{"line":61,"column":104},"end":{"line":61,"column":191}},{"start":{"line":61,"column":194},"end":{"line":61,"column":196}}],"line":61}},"s":{"0":0,"1":0,"2":0,"3":0,"4":0},"f":{"0":0,"1":0},"b":{"0":[0,0],"1":[0,0],"2":[0,0],"3":[0,0],"4":[0,0]}}
,"/home/alain/andela project/my-react-app/src/components/TaskCard.jsx": {"path":"/home/alain/andela project/my-react-app/src/components/TaskCard.jsx","statementMap":{"0":{"start":{"line":7,"column":17},"end":{"line":104,"column":1}},"1":{"start":{"line":8,"column":19},"end":{"line":8,"column":32}},"2":{"start":{"line":9,"column":16},"end":{"line":9,"column":32}},"3":{"start":{"line":10,"column":34},"end":{"line":10,"column":49}},"4":{"start":{"line":12,"column":31},"end":{"line":14,"column":3}},"5":{"start":{"line":13,"column":4},"end":{"line":13,"column":69}},"6":{"start":{"line":16,"column":23},"end":{"line":19,"column":3}},"7":{"start":{"line":17,"column":4},"end":{"line":17,"column":29}},"8":{"start":{"line":18,"column":4},"end":{"line":18,"column":23}},"9":{"start":{"line":21,"column":21},"end":{"line":23,"column":3}},"10":{"start":{"line":22,"column":4},"end":{"line":22,"column":27}},"11":{"start":{"line":25,"column":2},"end":{"line":103,"column":4}},"12":{"start":{"line":32,"column":28},"end":{"line":32,"column":73}},"13":{"start":{"line":59,"column":31},"end":{"line":59,"column":52}},"14":{"start":{"line":78,"column":18},"end":{"line":83,"column":24}}},"fnMap":{"0":{"name":"(anonymous_0)","decl":{"start":{"line":7,"column":17},"end":{"line":7,"column":18}},"loc":{"start":{"line":7,"column":41},"end":{"line":104,"column":1}},"line":7},"1":{"name":"(anonymous_1)","decl":{"start":{"line":12,"column":31},"end":{"line":12,"column":32}},"loc":{"start":{"line":12,"column":50},"end":{"line":14,"column":3}},"line":12},"2":{"name":"(anonymous_2)","decl":{"start":{"line":16,"column":23},"end":{"line":16,"column":24}},"loc":{"start":{"line":16,"column":31},"end":{"line":19,"column":3}},"line":16},"3":{"name":"(anonymous_3)","decl":{"start":{"line":21,"column":21},"end":{"line":21,"column":22}},"loc":{"start":{"line":21,"column":27},"end":{"line":23,"column":3}},"line":21},"4":{"name":"(anonymous_4)","decl":{"start":{"line":32,"column":22},"end":{"line":32,"column":23}},"loc":{"start":{"line":32,"column":28},"end":{"line":32,"column":73}},"line":32},"5":{"name":"(anonymous_5)","decl":{"start":{"line":59,"column":25},"end":{"line":59,"column":26}},"loc":{"start":{"line":59,"column":31},"end":{"line":59,"column":52}},"line":59},"6":{"name":"(anonymous_6)","decl":{"start":{"line":77,"column":35},"end":{"line":77,"column":36}},"loc":{"start":{"line":78,"column":18},"end":{"line":83,"column":24}},"line":78}},"branchMap":{"0":{"loc":{"start":{"line":39,"column":14},"end":{"line":41,"column":92}},"type":"cond-expr","locations":[{"start":{"line":40,"column":18},"end":{"line":40,"column":88}},{"start":{"line":41,"column":18},"end":{"line":41,"column":92}}],"line":39},"1":{"loc":{"start":{"line":44,"column":13},"end":{"line":44,"column":62}},"type":"cond-expr","locations":[{"start":{"line":44,"column":30},"end":{"line":44,"column":44}},{"start":{"line":44,"column":47},"end":{"line":44,"column":62}}],"line":44},"2":{"loc":{"start":{"line":56,"column":11},"end":{"line":66,"column":11}},"type":"binary-expr","locations":[{"start":{"line":56,"column":11},"end":{"line":56,"column":19}},{"start":{"line":57,"column":12},"end":{"line":65,"column":18}}],"line":56}},"s":{"0":0,"1":0,"2":0,"3":0,"4":0,"5":0,"6":0,"7":0,"8":0,"9":0,"10":0,"11":0,"12":0,"13":0,"14":0},"f":{"0":0,"1":0,"2":0,"3":0,"4":0,"5":0,"6":0},"b":{"0":[0,0],"1":[0,0],"2":[0,0]}}
,"/home/alain/andela project/my-react-app/src/components/TaskChart.jsx": {"path":"/home/alain/andela project/my-react-app/src/components/TaskChart.jsx","statementMap":{"0":{"start":{"line":4,"column":15},"end":{"line":8,"column":1}},"1":{"start":{"line":5,"column":2},"end":{"line":7,"column":8}},"2":{"start":{"line":10,"column":16},"end":{"line":30,"column":1}},"3":{"start":{"line":11,"column":2},"end":{"line":29,"column":8}},"4":{"start":{"line":32,"column":13},"end":{"line":128,"column":1}},"5":{"start":{"line":33,"column":19},"end":{"line":74,"column":3}},"6":{"start":{"line":76,"column":2},"end":{"line":76,"column":27}},"7":{"start":{"line":76,"column":15},"end":{"line":76,"column":27}},"8":{"start":{"line":78,"column":2},"end":{"line":127,"column":4}},"9":{"start":{"line":97,"column":14},"end":{"line":101,"column":16}},"10":{"start":{"line":110,"column":10},"end":{"line":110,"column":68}}},"fnMap":{"0":{"name":"(anonymous_0)","decl":{"start":{"line":4,"column":15},"end":{"line":4,"column":16}},"loc":{"start":{"line":5,"column":2},"end":{"line":7,"column":8}},"line":5},"1":{"name":"(anonymous_1)","decl":{"start":{"line":10,"column":16},"end":{"line":10,"column":17}},"loc":{"start":{"line":11,"column":2},"end":{"line":29,"column":8}},"line":11},"2":{"name":"(anonymous_2)","decl":{"start":{"line":32,"column":13},"end":{"line":32,"column":14}},"loc":{"start":{"line":32,"column":38},"end":{"line":128,"column":1}},"line":32},"3":{"name":"(anonymous_3)","decl":{"start":{"line":96,"column":42},"end":{"line":96,"column":43}},"loc":{"start":{"line":97,"column":14},"end":{"line":101,"column":16}},"line":97},"4":{"name":"(anonymous_4)","decl":{"start":{"line":109,"column":22},"end":{"line":109,"column":23}},"loc":{"start":{"line":110,"column":10},"end":{"line":110,"column":68}},"line":110}},"branchMap":{"0":{"loc":{"start":{"line":4,"column":28},"end":{"line":4,"column":42}},"type":"default-arg","locations":[{"start":{"line":4,"column":40},"end":{"line":4,"column":42}}],"line":4},"1":{"loc":{"start":{"line":11,"column":61},"end":{"line":11,"column":93}},"type":"cond-expr","locations":[{"start":{"line":11,"column":70},"end":{"line":11,"column":88}},{"start":{"line":11,"column":91},"end":{"line":11,"column":93}}],"line":11},"2":{"loc":{"start":{"line":16,"column":35},"end":{"line":16,"column":71}},"type":"cond-expr","locations":[{"start":{"line":16,"column":44},"end":{"line":16,"column":55}},{"start":{"line":16,"column":58},"end":{"line":16,"column":71}}],"line":16},"3":{"loc":{"start":{"line":17,"column":65},"end":{"line":17,"column":97}},"type":"cond-expr","locations":[{"start":{"line":17,"column":74},"end":{"line":17,"column":92}},{"start":{"line":17,"column":95},"end":{"line":17,"column":97}}],"line":17},"4":{"loc":{"start":{"line":22,"column":8},"end":{"line":24,"column":55}},"type":"cond-expr","locations":[{"start":{"line":23,"column":12},"end":{"line":23,"column":52}},{"start":{"line":24,"column":12},"end":{"line":24,"column":55}}],"line":22},"5":{"loc":{"start":{"line":76,"column":2},"end":{"line":76,"column":27}},"type":"if","locations":[{"start":{"line":76,"column":2},"end":{"line":76,"column":27}},{"start":{},"end":{}}],"line":76}},"s":{"0":0,"1":0,"2":0,"3":0,"4":0,"5":0,"6":0,"7":0,"8":0,"9":0,"10":0},"f":{"0":0,"1":0,"2":0,"3":0,"4":0},"b":{"0":[0],"1":[0,0],"2":[0,0],"3":[0,0],"4":[0,0],"5":[0,0]}}
,"/home/alain/andela project/my-react-app/src/components/TaskList.jsx": {"path":"/home/alain/andela project/my-react-app/src/components/TaskList.jsx","statementMap":{"0":{"start":{"line":10,"column":17},"end":{"line":169,"column":1}},"1":{"start":{"line":11,"column":16},"end":{"line":11,"column":32}},"2":{"start":{"line":12,"column":19},"end":{"line":12,"column":32}},"3":{"start":{"line":13,"column":16},"end":{"line":13,"column":57}},"4":{"start":{"line":13,"column":39},"end":{"line":13,"column":56}},"5":{"start":{"line":14,"column":21},"end":{"line":14,"column":63}},"6":{"start":{"line":14,"column":44},"end":{"line":14,"column":62}},"7":{"start":{"line":16,"column":36},"end":{"line":16,"column":51}},"8":{"start":{"line":17,"column":32},"end":{"line":17,"column":44}},"9":{"start":{"line":18,"column":30},"end":{"line":18,"column":45}},"10":{"start":{"line":19,"column":34},"end":{"line":19,"column":49}},"11":{"start":{"line":21,"column":2},"end":{"line":25,"column":29}},"12":{"start":{"line":22,"column":4},"end":{"line":24,"column":5}},"13":{"start":{"line":23,"column":6},"end":{"line":23,"column":29}},"14":{"start":{"line":27,"column":2},"end":{"line":33,"column":17}},"15":{"start":{"line":28,"column":4},"end":{"line":32,"column":5}},"16":{"start":{"line":29,"column":6},"end":{"line":29,"column":53}},"17":{"start":{"line":31,"column":6},"end":{"line":31,"column":56}},"18":{"start":{"line":35,"column":2},"end":{"line":37,"column":3}},"19":{"start":{"line":36,"column":4},"end":{"line":36,"column":38}},"20":{"start":{"line":39,"column":24},"end":{"line":50,"column":3}},"21":{"start":{"line":40,"column":4},"end":{"line":40,"column":23}},"22":{"start":{"line":41,"column":4},"end":{"line":49,"column":5}},"23":{"start":{"line":42,"column":6},"end":{"line":46,"column":10}},"24":{"start":{"line":47,"column":6},"end":{"line":47,"column":21}},"25":{"start":{"line":48,"column":6},"end":{"line":48,"column":26}},"26":{"start":{"line":52,"column":29},"end":{"line":54,"column":3}},"27":{"start":{"line":53,"column":4},"end":{"line":53,"column":25}},"28":{"start":{"line":56,"column":24},"end":{"line":67,"column":4}},"29":{"start":{"line":57,"column":4},"end":{"line":66,"column":5}},"30":{"start":{"line":59,"column":8},"end":{"line":59,"column":51}},"31":{"start":{"line":61,"column":8},"end":{"line":61,"column":31}},"32":{"start":{"line":63,"column":8},"end":{"line":63,"column":30}},"33":{"start":{"line":65,"column":8},"end":{"line":65,"column":20}},"34":{"start":{"line":69,"column":24},"end":{"line":74,"column":3}},"35":{"start":{"line":76,"column":2},"end":{"line":168,"column":4}},"36":{"start":{"line":84,"column":16},"end":{"line":105,"column":25}},"37":{"start":{"line":86,"column":33},"end":{"line":86,"column":62}},"38":{"start":{"line":98,"column":22},"end":{"line":98,"column":59}},"39":{"start":{"line":98,"column":47},"end":{"line":98,"column":59}},"40":{"start":{"line":99,"column":22},"end":{"line":99,"column":91}},"41":{"start":{"line":99,"column":48},"end":{"line":99,"column":91}},"42":{"start":{"line":100,"column":22},"end":{"line":100,"column":77}},"43":{"start":{"line":100,"column":54},"end":{"line":100,"column":77}},"44":{"start":{"line":101,"column":22},"end":{"line":101,"column":75}},"45":{"start":{"line":101,"column":53},"end":{"line":101,"column":75}},"46":{"start":{"line":102,"column":22},"end":{"line":102,"column":35}},"47":{"start":{"line":128,"column":37},"end":{"line":128,"column":63}},"48":{"start":{"line":147,"column":33},"end":{"line":147,"column":51}},"49":{"start":{"line":163,"column":12},"end":{"line":163,"column":107}}},"fnMap":{"0":{"name":"(anonymous_0)","decl":{"start":{"line":10,"column":17},"end":{"line":10,"column":18}},"loc":{"start":{"line":10,"column":23},"end":{"line":169,"column":1}},"line":10},"1":{"name":"(anonymous_1)","decl":{"start":{"line":13,"column":28},"end":{"line":13,"column":29}},"loc":{"start":{"line":13,"column":39},"end":{"line":13,"column":56}},"line":13},"2":{"name":"(anonymous_2)","decl":{"start":{"line":14,"column":33},"end":{"line":14,"column":34}},"loc":{"start":{"line":14,"column":44},"end":{"line":14,"column":62}},"line":14},"3":{"name":"(anonymous_3)","decl":{"start":{"line":21,"column":12},"end":{"line":21,"column":13}},"loc":{"start":{"line":21,"column":18},"end":{"line":25,"column":3}},"line":21},"4":{"name":"(anonymous_4)","decl":{"start":{"line":27,"column":12},"end":{"line":27,"column":13}},"loc":{"start":{"line":27,"column":18},"end":{"line":33,"column":3}},"line":27},"5":{"name":"(anonymous_5)","decl":{"start":{"line":39,"column":24},"end":{"line":39,"column":25}},"loc":{"start":{"line":39,"column":31},"end":{"line":50,"column":3}},"line":39},"6":{"name":"(anonymous_6)","decl":{"start":{"line":52,"column":29},"end":{"line":52,"column":30}},"loc":{"start":{"line":52,"column":44},"end":{"line":54,"column":3}},"line":52},"7":{"name":"(anonymous_7)","decl":{"start":{"line":56,"column":37},"end":{"line":56,"column":38}},"loc":{"start":{"line":56,"column":47},"end":{"line":67,"column":3}},"line":56},"8":{"name":"(anonymous_8)","decl":{"start":{"line":83,"column":33},"end":{"line":83,"column":34}},"loc":{"start":{"line":84,"column":16},"end":{"line":105,"column":25}},"line":84},"9":{"name":"(anonymous_9)","decl":{"start":{"line":86,"column":27},"end":{"line":86,"column":28}},"loc":{"start":{"line":86,"column":33},"end":{"line":86,"column":62}},"line":86},"10":{"name":"(anonymous_10)","decl":{"start":{"line":97,"column":35},"end":{"line":97,"column":36}},"loc":{"start":{"line":97,"column":45},"end":{"line":103,"column":21}},"line":97},"11":{"name":"(anonymous_11)","decl":{"start":{"line":128,"column":30},"end":{"line":128,"column":31}},"loc":{"start":{"line":128,"column":37},"end":{"line":128,"column":63}},"line":128},"12":{"name":"(anonymous_12)","decl":{"start":{"line":147,"column":27},"end":{"line":147,"column":28}},"loc":{"start":{"line":147,"column":33},"end":{"line":147,"column":51}},"line":147},"13":{"name":"(anonymous_13)","decl":{"start":{"line":162,"column":29},"end":{"line":162,"column":30}},"loc":{"start":{"line":163,"column":12},"end":{"line":163,"column":107}},"line":163}},"branchMap":{"0":{"loc":{"start":{"line":22,"column":4},"end":{"line":24,"column":5}},"type":"if","locations":[{"start":{"line":22,"column":4},"end":{"line":24,"column":5}},{"start":{},"end":{}}],"line":22},"1":{"loc":{"start":{"line":28,"column":4},"end":{"line":32,"column":5}},"type":"if","locations":[{"start":{"line":28,"column":4},"end":{"line":32,"column":5}},{"start":{"line":30,"column":11},"end":{"line":32,"column":5}}],"line":28},"2":{"loc":{"start":{"line":35,"column":2},"end":{"line":37,"column":3}},"type":"if","locations":[{"start":{"line":35,"column":2},"end":{"line":37,"column":3}},{"start":{},"end":{}}],"line":35},"3":{"loc":{"start":{"line":41,"column":4},"end":{"line":49,"column":5}},"type":"if","locations":[{"start":{"line":41,"column":4},"end":{"line":49,"column":5}},{"start":{},"end":{}}],"line":41},"4":{"loc":{"start":{"line":57,"column":4},"end":{"line":66,"column":5}},"type":"switch","locations":[{"start":{"line":58,"column":6},"end":{"line":59,"column":51}},{"start":{"line":60,"column":6},"end":{"line":61,"column":31}},{"start":{"line":62,"column":6},"end":{"line":63,"column":30}},{"start":{"line":64,"column":6},"end":{"line":65,"column":20}}],"line":57},"5":{"loc":{"start":{"line":59,"column":15},"end":{"line":59,"column":50}},"type":"binary-expr","locations":[{"start":{"line":59,"column":15},"end":{"line":59,"column":30}},{"start":{"line":59,"column":34},"end":{"line":59,"column":50}}],"line":59},"6":{"loc":{"start":{"line":77,"column":66},"end":{"line":77,"column":88}},"type":"cond-expr","locations":[{"start":{"line":77,"column":77},"end":{"line":77,"column":83}},{"start":{"line":77,"column":86},"end":{"line":77,"column":88}}],"line":77},"7":{"loc":{"start":{"line":89,"column":22},"end":{"line":91,"column":128}},"type":"cond-expr","locations":[{"start":{"line":90,"column":24},"end":{"line":90,"column":50}},{"start":{"line":91,"column":24},"end":{"line":91,"column":128}}],"line":89},"8":{"loc":{"start":{"line":98,"column":22},"end":{"line":98,"column":59}},"type":"if","locations":[{"start":{"line":98,"column":22},"end":{"line":98,"column":59}},{"start":{},"end":{}}],"line":98},"9":{"loc":{"start":{"line":99,"column":22},"end":{"line":99,"column":91}},"type":"if","locations":[{"start":{"line":99,"column":22},"end":{"line":99,"column":91}},{"start":{},"end":{}}],"line":99},"10":{"loc":{"start":{"line":99,"column":55},"end":{"line":99,"column":90}},"type":"binary-expr","locations":[{"start":{"line":99,"column":55},"end":{"line":99,"column":70}},{"start":{"line":99,"column":74},"end":{"line":99,"column":90}}],"line":99},"11":{"loc":{"start":{"line":100,"column":22},"end":{"line":100,"column":77}},"type":"if","locations":[{"start":{"line":100,"column":22},"end":{"line":100,"column":77}},{"start":{},"end":{}}],"line":100},"12":{"loc":{"start":{"line":101,"column":22},"end":{"line":101,"column":75}},"type":"if","locations":[{"start":{"line":101,"column":22},"end":{"line":101,"column":75}},{"start":{},"end":{}}],"line":101},"13":{"loc":{"start":{"line":123,"column":15},"end":{"line":156,"column":15}},"type":"cond-expr","locations":[{"start":{"line":124,"column":16},"end":{"line":144,"column":23}},{"start":{"line":146,"column":16},"end":{"line":155,"column":25}}],"line":123}},"s":{"0":0,"1":0,"2":0,"3":0,"4":0,"5":0,"6":0,"7":0,"8":0,"9":0,"10":0,"11":0,"12":0,"13":0,"14":0,"15":0,"16":0,"17":0,"18":0,"19":0,"20":0,"21":0,"22":0,"23":0,"24":0,"25":0,"26":0,"27":0,"28":0,"29":0,"30":0,"31":0,"32":0,"33":0,"34":0,"35":0,"36":0,"37":0,"38":0,"39":0,"40":0,"41":0,"42":0,"43":0,"44":0,"45":0,"46":0,"47":0,"48":0,"49":0},"f":{"0":0,"1":0,"2":0,"3":0,"4":0,"5":0,"6":0,"7":0,"8":0,"9":0,"10":0,"11":0,"12":0,"13":0},"b":{"0":[0,0],"1":[0,0],"2":[0,0],"3":[0,0],"4":[0,0,0,0],"5":[0,0],"6":[0,0],"7":[0,0],"8":[0,0],"9":[0,0],"10":[0,0],"11":[0,0],"12":[0,0],"13":[0,0]}}
,"/home/alain/andela project/my-react-app/src/components/TaskStats.jsx": {"path":"/home/alain/andela project/my-react-app/src/components/TaskStats.jsx","statementMap":{"0":{"start":{"line":6,"column":22},"end":{"line":95,"column":1}},"1":{"start":{"line":7,"column":16},"end":{"line":7,"column":32}},"2":{"start":{"line":8,"column":40},"end":{"line":8,"column":54}},"3":{"start":{"line":9,"column":34},"end":{"line":9,"column":49}},"4":{"start":{"line":11,"column":34},"end":{"line":11,"column":49}},"5":{"start":{"line":13,"column":21},"end":{"line":19,"column":3}},"6":{"start":{"line":14,"column":4},"end":{"line":18,"column":9}},"7":{"start":{"line":16,"column":8},"end":{"line":16,"column":26}},"8":{"start":{"line":17,"column":8},"end":{"line":17,"column":51}},"9":{"start":{"line":17,"column":25},"end":{"line":17,"column":43}},"10":{"start":{"line":21,"column":24},"end":{"line":25,"column":3}},"11":{"start":{"line":27,"column":2},"end":{"line":94,"column":4}},"12":{"start":{"line":45,"column":35},"end":{"line":45,"column":57}},"13":{"start":{"line":51,"column":16},"end":{"line":60,"column":22}},"14":{"start":{"line":51,"column":50},"end":{"line":51,"column":68}},"15":{"start":{"line":51,"column":90},"end":{"line":51,"column":110}},"16":{"start":{"line":53,"column":46},"end":{"line":53,"column":50}}},"fnMap":{"0":{"name":"(anonymous_0)","decl":{"start":{"line":6,"column":22},"end":{"line":6,"column":23}},"loc":{"start":{"line":6,"column":28},"end":{"line":95,"column":1}},"line":6},"1":{"name":"(anonymous_1)","decl":{"start":{"line":13,"column":21},"end":{"line":13,"column":22}},"loc":{"start":{"line":13,"column":27},"end":{"line":19,"column":3}},"line":13},"2":{"name":"(anonymous_2)","decl":{"start":{"line":15,"column":12},"end":{"line":15,"column":13}},"loc":{"start":{"line":15,"column":18},"end":{"line":18,"column":7}},"line":15},"3":{"name":"(anonymous_3)","decl":{"start":{"line":17,"column":19},"end":{"line":17,"column":20}},"loc":{"start":{"line":17,"column":25},"end":{"line":17,"column":43}},"line":17},"4":{"name":"(anonymous_4)","decl":{"start":{"line":45,"column":29},"end":{"line":45,"column":30}},"loc":{"start":{"line":45,"column":35},"end":{"line":45,"column":57}},"line":45},"5":{"name":"(anonymous_5)","decl":{"start":{"line":50,"column":33},"end":{"line":50,"column":34}},"loc":{"start":{"line":51,"column":16},"end":{"line":60,"column":22}},"line":51},"6":{"name":"(anonymous_6)","decl":{"start":{"line":51,"column":44},"end":{"line":51,"column":45}},"loc":{"start":{"line":51,"column":50},"end":{"line":51,"column":68}},"line":51},"7":{"name":"(anonymous_7)","decl":{"start":{"line":51,"column":84},"end":{"line":51,"column":85}},"loc":{"start":{"line":51,"column":90},"end":{"line":51,"column":110}},"line":51},"8":{"name":"(anonymous_8)","decl":{"start":{"line":53,"column":41},"end":{"line":53,"column":42}},"loc":{"start":{"line":53,"column":46},"end":{"line":53,"column":50}},"line":53}},"branchMap":{"0":{"loc":{"start":{"line":55,"column":19},"end":{"line":59,"column":19}},"type":"binary-expr","locations":[{"start":{"line":55,"column":19},"end":{"line":55,"column":37}},{"start":{"line":56,"column":20},"end":{"line":58,"column":26}}],"line":55},"1":{"loc":{"start":{"line":75,"column":9},"end":{"line":79,"column":9}},"type":"binary-expr","locations":[{"start":{"line":75,"column":9},"end":{"line":75,"column":17}},{"start":{"line":76,"column":10},"end":{"line":78,"column":16}}],"line":75}},"s":{"0":0,"1":0,"2":0,"3":0,"4":0,"5":0,"6":0,"7":0,"8":0,"9":0,"10":0,"11":0,"12":0,"13":0,"14":0,"15":0,"16":0},"f":{"0":0,"1":0,"2":0,"3":0,"4":0,"5":0,"6":0,"7":0,"8":0},"b":{"0":[0,0],"1":[0,0]}}
,"/home/alain/andela project/my-react-app/src/components/navigation.jsx": {"path":"/home/alain/andela project/my-react-app/src/components/navigation.jsx","statementMap":{"0":{"start":{"line":5,"column":19},"end":{"line":73,"column":1}},"1":{"start":{"line":6,"column":34},"end":{"line":6,"column":49}},"2":{"start":{"line":7,"column":22},"end":{"line":7,"column":38}},"3":{"start":{"line":9,"column":2},"end":{"line":15,"column":17}},"4":{"start":{"line":10,"column":4},"end":{"line":14,"column":5}},"5":{"start":{"line":11,"column":6},"end":{"line":11,"column":53}},"6":{"start":{"line":13,"column":6},"end":{"line":13,"column":56}},"7":{"start":{"line":17,"column":25},"end":{"line":19,"column":3}},"8":{"start":{"line":18,"column":4},"end":{"line":18,"column":27}},"9":{"start":{"line":21,"column":25},"end":{"line":23,"column":3}},"10":{"start":{"line":22,"column":4},"end":{"line":22,"column":30}},"11":{"start":{"line":25,"column":2},"end":{"line":72,"column":4}},"12":{"start":{"line":55,"column":29},"end":{"line":55,"column":49}},"13":{"start":{"line":61,"column":29},"end":{"line":61,"column":49}}},"fnMap":{"0":{"name":"(anonymous_0)","decl":{"start":{"line":5,"column":19},"end":{"line":5,"column":20}},"loc":{"start":{"line":5,"column":25},"end":{"line":73,"column":1}},"line":5},"1":{"name":"(anonymous_1)","decl":{"start":{"line":9,"column":12},"end":{"line":9,"column":13}},"loc":{"start":{"line":9,"column":18},"end":{"line":15,"column":3}},"line":9},"2":{"name":"(anonymous_2)","decl":{"start":{"line":17,"column":25},"end":{"line":17,"column":26}},"loc":{"start":{"line":17,"column":31},"end":{"line":19,"column":3}},"line":17},"3":{"name":"(anonymous_3)","decl":{"start":{"line":21,"column":25},"end":{"line":21,"column":26}},"loc":{"start":{"line":21,"column":35},"end":{"line":23,"column":3}},"line":21},"4":{"name":"(anonymous_4)","decl":{"start":{"line":55,"column":23},"end":{"line":55,"column":24}},"loc":{"start":{"line":55,"column":29},"end":{"line":55,"column":49}},"line":55},"5":{"name":"(anonymous_5)","decl":{"start":{"line":61,"column":23},"end":{"line":61,"column":24}},"loc":{"start":{"line":61,"column":29},"end":{"line":61,"column":49}},"line":61}},"branchMap":{"0":{"loc":{"start":{"line":10,"column":4},"end":{"line":14,"column":5}},"type":"if","locations":[{"start":{"line":10,"column":4},"end":{"line":14,"column":5}},{"start":{"line":12,"column":11},"end":{"line":14,"column":5}}],"line":10},"1":{"loc":{"start":{"line":51,"column":15},"end":{"line":51,"column":84}},"type":"cond-expr","locations":[{"start":{"line":51,"column":26},"end":{"line":51,"column":53}},{"start":{"line":51,"column":56},"end":{"line":51,"column":84}}],"line":51}},"s":{"0":0,"1":0,"2":0,"3":0,"4":0,"5":0,"6":0,"7":0,"8":0,"9":0,"10":0,"11":0,"12":0,"13":0},"f":{"0":0,"1":0,"2":0,"3":0,"4":0,"5":0},"b":{"0":[0,0],"1":[0,0]}}
,"/home/alain/andela project/my-react-app/src/config/api.js": {"path":"/home/alain/andela project/my-react-app/src/config/api.js","statementMap":{"0":{"start":{"line":1,"column":19},"end":{"line":9,"column":1}},"1":{"start":{"line":6,"column":24},"end":{"line":6,"column":38}},"2":{"start":{"line":7,"column":24},"end":{"line":7,"column":38}}},"fnMap":{"0":{"name":"(anonymous_0)","decl":{"start":{"line":6,"column":16},"end":{"line":6,"column":17}},"loc":{"start":{"line":6,"column":24},"end":{"line":6,"column":38}},"line":6},"1":{"name":"(anonymous_1)","decl":{"start":{"line":7,"column":16},"end":{"line":7,"column":17}},"loc":{"start":{"line":7,"column":24},"end":{"line":7,"column":38}},"line":7}},"branchMap":{"0":{"loc":{"start":{"line":2,"column":11},"end":{"line":2,"column":71}},"type":"binary-expr","locations":[{"start":{"line":2,"column":11},"end":{"line":2,"column":44}},{"start":{"line":2,"column":48},"end":{"line":2,"column":71}}],"line":2}},"s":{"0":0,"1":0,"2":0},"f":{"0":0,"1":0},"b":{"0":[0,0]}}
,"/home/alain/andela project/my-react-app/src/features/todosSlice.js": {"path":"/home/alain/andela project/my-react-app/src/features/todosSlice.js","statementMap":{"0":{"start":{"line":4,"column":26},"end":{"line":17,"column":1}},"1":{"start":{"line":7,"column":4},"end":{"line":15,"column":5}},"2":{"start":{"line":8,"column":23},"end":{"line":8,"column":88}},"3":{"start":{"line":9,"column":6},"end":{"line":11,"column":7}},"4":{"start":{"line":10,"column":8},"end":{"line":10,"column":49}},"5":{"start":{"line":12,"column":6},"end":{"line":12,"column":29}},"6":{"start":{"line":14,"column":6},"end":{"line":14,"column":44}},"7":{"start":{"line":19,"column":23},"end":{"line":36,"column":1}},"8":{"start":{"line":22,"column":4},"end":{"line":34,"column":5}},"9":{"start":{"line":23,"column":23},"end":{"line":27,"column":8}},"10":{"start":{"line":28,"column":6},"end":{"line":30,"column":7}},"11":{"start":{"line":29,"column":8},"end":{"line":29,"column":46}},"12":{"start":{"line":31,"column":6},"end":{"line":31,"column":29}},"13":{"start":{"line":33,"column":6},"end":{"line":33,"column":44}},"14":{"start":{"line":38,"column":26},"end":{"line":55,"column":1}},"15":{"start":{"line":41,"column":4},"end":{"line":53,"column":5}},"16":{"start":{"line":42,"column":23},"end":{"line":46,"column":8}},"17":{"start":{"line":47,"column":6},"end":{"line":49,"column":7}},"18":{"start":{"line":48,"column":8},"end":{"line":48,"column":49}},"19":{"start":{"line":50,"column":6},"end":{"line":50,"column":29}},"20":{"start":{"line":52,"column":6},"end":{"line":52,"column":44}},"21":{"start":{"line":57,"column":26},"end":{"line":72,"column":1}},"22":{"start":{"line":60,"column":4},"end":{"line":70,"column":5}},"23":{"start":{"line":61,"column":23},"end":{"line":63,"column":8}},"24":{"start":{"line":64,"column":6},"end":{"line":66,"column":7}},"25":{"start":{"line":65,"column":8},"end":{"line":65,"column":49}},"26":{"start":{"line":67,"column":6},"end":{"line":67,"column":29}},"27":{"start":{"line":69,"column":6},"end":{"line":69,"column":44}},"28":{"start":{"line":74,"column":19},"end":{"line":151,"column":2}},"29":{"start":{"line":83,"column":6},"end":{"line":83,"column":25}},"30":{"start":{"line":87,"column":4},"end":{"line":149,"column":9}},"31":{"start":{"line":90,"column":8},"end":{"line":90,"column":33}},"32":{"start":{"line":91,"column":8},"end":{"line":91,"column":27}},"33":{"start":{"line":94,"column":8},"end":{"line":94,"column":35}},"34":{"start":{"line":95,"column":8},"end":{"line":95,"column":43}},"35":{"start":{"line":96,"column":8},"end":{"line":96,"column":27}},"36":{"start":{"line":99,"column":8},"end":{"line":99,"column":32}},"37":{"start":{"line":100,"column":8},"end":{"line":100,"column":64}},"38":{"start":{"line":105,"column":8},"end":{"line":105,"column":33}},"39":{"start":{"line":106,"column":8},"end":{"line":106,"column":27}},"40":{"start":{"line":109,"column":8},"end":{"line":109,"column":35}},"41":{"start":{"line":110,"column":8},"end":{"line":110,"column":41}},"42":{"start":{"line":111,"column":8},"end":{"line":111,"column":27}},"43":{"start":{"line":114,"column":8},"end":{"line":114,"column":32}},"44":{"start":{"line":115,"column":8},"end":{"line":115,"column":61}},"45":{"start":{"line":120,"column":8},"end":{"line":120,"column":33}},"46":{"start":{"line":121,"column":8},"end":{"line":121,"column":27}},"47":{"start":{"line":124,"column":8},"end":{"line":124,"column":35}},"48":{"start":{"line":125,"column":22},"end":{"line":125,"column":84}},"49":{"start":{"line":125,"column":54},"end":{"line":125,"column":83}},"50":{"start":{"line":126,"column":8},"end":{"line":128,"column":9}},"51":{"start":{"line":127,"column":10},"end":{"line":127,"column":46}},"52":{"start":{"line":129,"column":8},"end":{"line":129,"column":27}},"53":{"start":{"line":132,"column":8},"end":{"line":132,"column":32}},"54":{"start":{"line":133,"column":8},"end":{"line":133,"column":64}},"55":{"start":{"line":138,"column":8},"end":{"line":138,"column":33}},"56":{"start":{"line":139,"column":8},"end":{"line":139,"column":27}},"57":{"start":{"line":142,"column":8},"end":{"line":142,"column":35}},"58":{"start":{"line":143,"column":8},"end":{"line":143,"column":82}},"59":{"start":{"line":143,"column":51},"end":{"line":143,"column":80}},"60":{"start":{"line":144,"column":8},"end":{"line":144,"column":27}},"61":{"start":{"line":147,"column":8},"end":{"line":147,"column":32}},"62":{"start":{"line":148,"column":8},"end":{"line":148,"column":64}},"63":{"start":{"line":153,"column":30},"end":{"line":153,"column":48}}},"fnMap":{"0":{"name":"(anonymous_0)","decl":{"start":{"line":6,"column":2},"end":{"line":6,"column":3}},"loc":{"start":{"line":6,"column":36},"end":{"line":16,"column":3}},"line":6},"1":{"name":"(anonymous_1)","decl":{"start":{"line":21,"column":2},"end":{"line":21,"column":3}},"loc":{"start":{"line":21,"column":39},"end":{"line":35,"column":3}},"line":21},"2":{"name":"(anonymous_2)","decl":{"start":{"line":40,"column":2},"end":{"line":40,"column":3}},"loc":{"start":{"line":40,"column":50},"end":{"line":54,"column":3}},"line":40},"3":{"name":"(anonymous_3)","decl":{"start":{"line":59,"column":2},"end":{"line":59,"column":3}},"loc":{"start":{"line":59,"column":37},"end":{"line":71,"column":3}},"line":59},"4":{"name":"(anonymous_4)","decl":{"start":{"line":82,"column":16},"end":{"line":82,"column":17}},"loc":{"start":{"line":82,"column":27},"end":{"line":84,"column":5}},"line":82},"5":{"name":"(anonymous_5)","decl":{"start":{"line":86,"column":17},"end":{"line":86,"column":18}},"loc":{"start":{"line":86,"column":30},"end":{"line":150,"column":3}},"line":86},"6":{"name":"(anonymous_6)","decl":{"start":{"line":89,"column":35},"end":{"line":89,"column":36}},"loc":{"start":{"line":89,"column":46},"end":{"line":92,"column":7}},"line":89},"7":{"name":"(anonymous_7)","decl":{"start":{"line":93,"column":37},"end":{"line":93,"column":38}},"loc":{"start":{"line":93,"column":56},"end":{"line":97,"column":7}},"line":93},"8":{"name":"(anonymous_8)","decl":{"start":{"line":98,"column":36},"end":{"line":98,"column":37}},"loc":{"start":{"line":98,"column":55},"end":{"line":101,"column":7}},"line":98},"9":{"name":"(anonymous_9)","decl":{"start":{"line":104,"column":32},"end":{"line":104,"column":33}},"loc":{"start":{"line":104,"column":43},"end":{"line":107,"column":7}},"line":104},"10":{"name":"(anonymous_10)","decl":{"start":{"line":108,"column":34},"end":{"line":108,"column":35}},"loc":{"start":{"line":108,"column":53},"end":{"line":112,"column":7}},"line":108},"11":{"name":"(anonymous_11)","decl":{"start":{"line":113,"column":33},"end":{"line":113,"column":34}},"loc":{"start":{"line":113,"column":52},"end":{"line":116,"column":7}},"line":113},"12":{"name":"(anonymous_12)","decl":{"start":{"line":119,"column":35},"end":{"line":119,"column":36}},"loc":{"start":{"line":119,"column":46},"end":{"line":122,"column":7}},"line":119},"13":{"name":"(anonymous_13)","decl":{"start":{"line":123,"column":37},"end":{"line":123,"column":38}},"loc":{"start":{"line":123,"column":56},"end":{"line":130,"column":7}},"line":123},"14":{"name":"(anonymous_14)","decl":{"start":{"line":125,"column":44},"end":{"line":125,"column":45}},"loc":{"start":{"line":125,"column":54},"end":{"line":125,"column":83}},"line":125},"15":{"name":"(anonymous_15)","decl":{"start":{"line":131,"column":36},"end":{"line":131,"column":37}},"loc":{"start":{"line":131,"column":55},"end":{"line":134,"column":7}},"line":131},"16":{"name":"(anonymous_16)","decl":{"start":{"line":137,"column":35},"end":{"line":137,"column":36}},"loc":{"start":{"line":137,"column":46},"end":{"line":140,"column":7}},"line":137},"17":{"name":"(anonymous_17)","decl":{"start":{"line":141,"column":37},"end":{"line":141,"column":38}},"loc":{"start":{"line":141,"column":56},"end":{"line":145,"column":7}},"line":141},"18":{"name":"(anonymous_18)","decl":{"start":{"line":143,"column":41},"end":{"line":143,"column":42}},"loc":{"start":{"line":143,"column":51},"end":{"line":143,"column":80}},"line":143},"19":{"name":"(anonymous_19)","decl":{"start":{"line":146,"column":36},"end":{"line":146,"column":37}},"loc":{"start":{"line":146,"column":55},"end":{"line":149,"column":7}},"line":146}},"branchMap":{"0":{"loc":{"start":{"line":9,"column":6},"end":{"line":11,"column":7}},"type":"if","locations":[{"start":{"line":9,"column":6},"end":{"line":11,"column":7}},{"start":{},"end":{}}],"line":9},"1":{"loc":{"start":{"line":28,"column":6},"end":{"line":30,"column":7}},"type":"if","locations":[{"start":{"line":28,"column":6},"end":{"line":30,"column":7}},{"start":{},"end":{}}],"line":28},"2":{"loc":{"start":{"line":47,"column":6},"end":{"line":49,"column":7}},"type":"if","locations":[{"start":{"line":47,"column":6},"end":{"line":49,"column":7}},{"start":{},"end":{}}],"line":47},"3":{"loc":{"start":{"line":64,"column":6},"end":{"line":66,"column":7}},"type":"if","locations":[{"start":{"line":64,"column":6},"end":{"line":66,"column":7}},{"start":{},"end":{}}],"line":64},"4":{"loc":{"start":{"line":100,"column":22},"end":{"line":100,"column":63}},"type":"binary-expr","locations":[{"start":{"line":100,"column":22},"end":{"line":100,"column":36}},{"start":{"line":100,"column":40},"end":{"line":100,"column":63}}],"line":100},"5":{"loc":{"start":{"line":115,"column":22},"end":{"line":115,"column":60}},"type":"binary-expr","locations":[{"start":{"line":115,"column":22},"end":{"line":115,"column":36}},{"start":{"line":115,"column":40},"end":{"line":115,"column":60}}],"line":115},"6":{"loc":{"start":{"line":126,"column":8},"end":{"line":128,"column":9}},"type":"if","locations":[{"start":{"line":126,"column":8},"end":{"line":128,"column":9}},{"start":{},"end":{}}],"line":126},"7":{"loc":{"start":{"line":133,"column":22},"end":{"line":133,"column":63}},"type":"binary-expr","locations":[{"start":{"line":133,"column":22},"end":{"line":133,"column":36}},{"start":{"line":133,"column":40},"end":{"line":133,"column":63}}],"line":133},"8":{"loc":{"start":{"line":148,"column":22},"end":{"line":148,"column":63}},"type":"binary-expr","locations":[{"start":{"line":148,"column":22},"end":{"line":148,"column":36}},{"start":{"line":148,"column":40},"end":{"line":148,"column":63}}],"line":148}},"s":{"0":1,"1":4,"2":4,"3":2,"4":1,"5":1,"6":3,"7":1,"8":2,"9":2,"10":1,"11":0,"12":1,"13":1,"14":1,"15":2,"16":2,"17":1,"18":0,"19":1,"20":1,"21":1,"22":2,"23":2,"24":1,"25":0,"26":1,"27":1,"28":1,"29":1,"30":1,"31":4,"32":4,"33":1,"34":1,"35":1,"36":4,"37":4,"38":2,"39":2,"40":3,"41":3,"42":3,"43":1,"44":1,"45":2,"46":2,"47":2,"48":2,"49":1,"50":2,"51":1,"52":2,"53":1,"54":1,"55":2,"56":2,"57":2,"58":2,"59":2,"60":2,"61":1,"62":1,"63":1},"f":{"0":4,"1":2,"2":2,"3":2,"4":1,"5":1,"6":4,"7":1,"8":4,"9":2,"10":3,"11":1,"12":2,"13":2,"14":1,"15":1,"16":2,"17":2,"18":2,"19":1},"b":{"0":[1,1],"1":[0,1],"2":[0,1],"3":[0,1],"4":[4,1],"5":[1,0],"6":[1,1],"7":[1,0],"8":[1,0]},"_coverageSchema":"1a1c01bbd47fc00a2c39e90264f33305004495a9","hash":"8c2c7be1b553a5faa9c36f4a855b2460d2a19d2b"}
,"/home/alain/andela project/my-react-app/src/pages/Home.jsx": {"path":"/home/alain/andela project/my-react-app/src/pages/Home.jsx","statementMap":{"0":{"start":{"line":11,"column":13},"end":{"line":51,"column":1}},"1":{"start":{"line":12,"column":16},"end":{"line":12,"column":32}},"2":{"start":{"line":13,"column":19},"end":{"line":13,"column":32}},"3":{"start":{"line":14,"column":38},"end":{"line":14,"column":53}},"4":{"start":{"line":16,"column":44},"end":{"line":19,"column":4}},"5":{"start":{"line":21,"column":16},"end":{"line":21,"column":57}},"6":{"start":{"line":21,"column":39},"end":{"line":21,"column":56}},"7":{"start":{"line":22,"column":17},"end":{"line":22,"column":59}},"8":{"start":{"line":22,"column":40},"end":{"line":22,"column":58}},"9":{"start":{"line":24,"column":2},"end":{"line":28,"column":25}},"10":{"start":{"line":25,"column":4},"end":{"line":27,"column":5}},"11":{"start":{"line":26,"column":6},"end":{"line":26,"column":29}},"12":{"start":{"line":31,"column":2},"end":{"line":31,"column":61}},"13":{"start":{"line":31,"column":13},"end":{"line":31,"column":61}},"14":{"start":{"line":33,"column":2},"end":{"line":50,"column":4}},"15":{"start":{"line":39,"column":23},"end":{"line":39,"column":42}},"16":{"start":{"line":47,"column":23},"end":{"line":47,"column":43}}},"fnMap":{"0":{"name":"(anonymous_0)","decl":{"start":{"line":11,"column":13},"end":{"line":11,"column":14}},"loc":{"start":{"line":11,"column":19},"end":{"line":51,"column":1}},"line":11},"1":{"name":"(anonymous_1)","decl":{"start":{"line":21,"column":28},"end":{"line":21,"column":29}},"loc":{"start":{"line":21,"column":39},"end":{"line":21,"column":56}},"line":21},"2":{"name":"(anonymous_2)","decl":{"start":{"line":22,"column":29},"end":{"line":22,"column":30}},"loc":{"start":{"line":22,"column":40},"end":{"line":22,"column":58}},"line":22},"3":{"name":"(anonymous_3)","decl":{"start":{"line":24,"column":12},"end":{"line":24,"column":13}},"loc":{"start":{"line":24,"column":18},"end":{"line":28,"column":3}},"line":24},"4":{"name":"(anonymous_4)","decl":{"start":{"line":39,"column":17},"end":{"line":39,"column":18}},"loc":{"start":{"line":39,"column":23},"end":{"line":39,"column":42}},"line":39},"5":{"name":"(anonymous_5)","decl":{"start":{"line":47,"column":17},"end":{"line":47,"column":18}},"loc":{"start":{"line":47,"column":23},"end":{"line":47,"column":43}},"line":47}},"branchMap":{"0":{"loc":{"start":{"line":25,"column":4},"end":{"line":27,"column":5}},"type":"if","locations":[{"start":{"line":25,"column":4},"end":{"line":27,"column":5}},{"start":{},"end":{}}],"line":25},"1":{"loc":{"start":{"line":31,"column":2},"end":{"line":31,"column":61}},"type":"if","locations":[{"start":{"line":31,"column":2},"end":{"line":31,"column":61}},{"start":{},"end":{}}],"line":31}},"s":{"0":0,"1":0,"2":0,"3":0,"4":0,"5":0,"6":0,"7":0,"8":0,"9":0,"10":0,"11":0,"12":0,"13":0,"14":0,"15":0,"16":0},"f":{"0":0,"1":0,"2":0,"3":0,"4":0,"5":0},"b":{"0":[0,0],"1":[0,0]}}
,"/home/alain/andela project/my-react-app/src/pages/Mail.jsx": {"path":"/home/alain/andela project/my-react-app/src/pages/Mail.jsx","statementMap":{"0":{"start":{"line":3,"column":13},"end":{"line":10,"column":1}},"1":{"start":{"line":4,"column":2},"end":{"line":9,"column":4}}},"fnMap":{"0":{"name":"(anonymous_0)","decl":{"start":{"line":3,"column":13},"end":{"line":3,"column":14}},"loc":{"start":{"line":3,"column":19},"end":{"line":10,"column":1}},"line":3}},"branchMap":{},"s":{"0":0,"1":0},"f":{"0":0},"b":{}}
,"/home/alain/andela project/my-react-app/src/pages/Messages.jsx": {"path":"/home/alain/andela project/my-react-app/src/pages/Messages.jsx","statementMap":{"0":{"start":{"line":3,"column":17},"end":{"line":10,"column":1}},"1":{"start":{"line":4,"column":2},"end":{"line":9,"column":4}}},"fnMap":{"0":{"name":"(anonymous_0)","decl":{"start":{"line":3,"column":17},"end":{"line":3,"column":18}},"loc":{"start":{"line":3,"column":23},"end":{"line":10,"column":1}},"line":3}},"branchMap":{},"s":{"0":0,"1":0},"f":{"0":0},"b":{}}
,"/home/alain/andela project/my-react-app/src/pages/Settings.jsx": {"path":"/home/alain/andela project/my-react-app/src/pages/Settings.jsx","statementMap":{"0":{"start":{"line":3,"column":17},"end":{"line":10,"column":1}},"1":{"start":{"line":4,"column":2},"end":{"line":9,"column":4}}},"fnMap":{"0":{"name":"(anonymous_0)","decl":{"start":{"line":3,"column":17},"end":{"line":3,"column":18}},"loc":{"start":{"line":3,"column":23},"end":{"line":10,"column":1}},"line":3}},"branchMap":{},"s":{"0":0,"1":0},"f":{"0":0},"b":{}}
,"/home/alain/andela project/my-react-app/src/pages/Users.jsx": {"path":"/home/alain/andela project/my-react-app/src/pages/Users.jsx","statementMap":{"0":{"start":{"line":3,"column":14},"end":{"line":10,"column":1}},"1":{"start":{"line":4,"column":2},"end":{"line":9,"column":4}}},"fnMap":{"0":{"name":"(anonymous_0)","decl":{"start":{"line":3,"column":14},"end":{"line":3,"column":15}},"loc":{"start":{"line":3,"column":20},"end":{"line":10,"column":1}},"line":3}},"branchMap":{},"s":{"0":0,"1":0},"f":{"0":0},"b":{}}
}
