TN:
SF:src/App.jsx
FN:18,App
FNF:1
FNH:0
FNDA:0,App
DA:16,0
DA:19,0
DA:21,0
LF:3
LH:0
BRF:0
BRH:0
end_of_record
TN:
SF:src/i18n.js
FNF:0
FNH:0
DA:8,0
LF:1
LH:0
BRF:0
BRH:0
end_of_record
TN:
SF:src/store.js
FNF:0
FNH:0
DA:5,0
LF:1
LH:0
BRF:0
BRH:0
end_of_record
TN:
SF:src/components/Layout.jsx
FN:5,(anonymous_0)
FNF:1
FNH:0
FNDA:0,(anonymous_0)
DA:5,0
DA:6,0
LF:2
LH:0
BRF:0
BRH:0
end_of_record
TN:
SF:src/components/Sidebar.jsx
FN:5,(anonymous_0)
FN:8,(anonymous_1)
FNF:2
FNH:0
FNDA:0,(anonymous_0)
FNDA:0,(anonymous_1)
DA:5,0
DA:6,0
DA:8,0
DA:10,0
LF:4
LH:0
BRDA:19,0,0,0
BRDA:19,0,1,0
BRDA:25,1,0,0
BRDA:25,1,1,0
BRDA:31,2,0,0
BRDA:31,2,1,0
BRDA:37,3,0,0
BRDA:37,3,1,0
BRDA:61,4,0,0
BRDA:61,4,1,0
BRF:10
BRH:0
end_of_record
TN:
SF:src/components/TaskCard.jsx
FN:7,(anonymous_0)
FN:12,(anonymous_1)
FN:16,(anonymous_2)
FN:21,(anonymous_3)
FN:32,(anonymous_4)
FN:59,(anonymous_5)
FN:77,(anonymous_6)
FNF:7
FNH:0
FNDA:0,(anonymous_0)
FNDA:0,(anonymous_1)
FNDA:0,(anonymous_2)
FNDA:0,(anonymous_3)
FNDA:0,(anonymous_4)
FNDA:0,(anonymous_5)
FNDA:0,(anonymous_6)
DA:7,0
DA:8,0
DA:9,0
DA:10,0
DA:12,0
DA:13,0
DA:16,0
DA:17,0
DA:18,0
DA:21,0
DA:22,0
DA:25,0
DA:32,0
DA:59,0
DA:78,0
LF:15
LH:0
BRDA:39,0,0,0
BRDA:39,0,1,0
BRDA:44,1,0,0
BRDA:44,1,1,0
BRDA:56,2,0,0
BRDA:56,2,1,0
BRF:6
BRH:0
end_of_record
TN:
SF:src/components/TaskChart.jsx
FN:4,(anonymous_0)
FN:10,(anonymous_1)
FN:32,(anonymous_2)
FN:96,(anonymous_3)
FN:109,(anonymous_4)
FNF:5
FNH:0
FNDA:0,(anonymous_0)
FNDA:0,(anonymous_1)
FNDA:0,(anonymous_2)
FNDA:0,(anonymous_3)
FNDA:0,(anonymous_4)
DA:4,0
DA:5,0
DA:10,0
DA:11,0
DA:32,0
DA:33,0
DA:76,0
DA:78,0
DA:97,0
DA:110,0
LF:10
LH:0
BRDA:4,0,0,0
BRDA:11,1,0,0
BRDA:11,1,1,0
BRDA:16,2,0,0
BRDA:16,2,1,0
BRDA:17,3,0,0
BRDA:17,3,1,0
BRDA:22,4,0,0
BRDA:22,4,1,0
BRDA:76,5,0,0
BRDA:76,5,1,0
BRF:11
BRH:0
end_of_record
TN:
SF:src/components/TaskList.jsx
FN:10,(anonymous_0)
FN:13,(anonymous_1)
FN:14,(anonymous_2)
FN:21,(anonymous_3)
FN:27,(anonymous_4)
FN:39,(anonymous_5)
FN:52,(anonymous_6)
FN:56,(anonymous_7)
FN:83,(anonymous_8)
FN:86,(anonymous_9)
FN:97,(anonymous_10)
FN:128,(anonymous_11)
FN:147,(anonymous_12)
FN:162,(anonymous_13)
FNF:14
FNH:0
FNDA:0,(anonymous_0)
FNDA:0,(anonymous_1)
FNDA:0,(anonymous_2)
FNDA:0,(anonymous_3)
FNDA:0,(anonymous_4)
FNDA:0,(anonymous_5)
FNDA:0,(anonymous_6)
FNDA:0,(anonymous_7)
FNDA:0,(anonymous_8)
FNDA:0,(anonymous_9)
FNDA:0,(anonymous_10)
FNDA:0,(anonymous_11)
FNDA:0,(anonymous_12)
FNDA:0,(anonymous_13)
DA:10,0
DA:11,0
DA:12,0
DA:13,0
DA:14,0
DA:16,0
DA:17,0
DA:18,0
DA:19,0
DA:21,0
DA:22,0
DA:23,0
DA:27,0
DA:28,0
DA:29,0
DA:31,0
DA:35,0
DA:36,0
DA:39,0
DA:40,0
DA:41,0
DA:42,0
DA:47,0
DA:48,0
DA:52,0
DA:53,0
DA:56,0
DA:57,0
DA:59,0
DA:61,0
DA:63,0
DA:65,0
DA:69,0
DA:76,0
DA:84,0
DA:86,0
DA:98,0
DA:99,0
DA:100,0
DA:101,0
DA:102,0
DA:128,0
DA:147,0
DA:163,0
LF:44
LH:0
BRDA:22,0,0,0
BRDA:22,0,1,0
BRDA:28,1,0,0
BRDA:28,1,1,0
BRDA:35,2,0,0
BRDA:35,2,1,0
BRDA:41,3,0,0
BRDA:41,3,1,0
BRDA:57,4,0,0
BRDA:57,4,1,0
BRDA:57,4,2,0
BRDA:57,4,3,0
BRDA:59,5,0,0
BRDA:59,5,1,0
BRDA:77,6,0,0
BRDA:77,6,1,0
BRDA:89,7,0,0
BRDA:89,7,1,0
BRDA:98,8,0,0
BRDA:98,8,1,0
BRDA:99,9,0,0
BRDA:99,9,1,0
BRDA:99,10,0,0
BRDA:99,10,1,0
BRDA:100,11,0,0
BRDA:100,11,1,0
BRDA:101,12,0,0
BRDA:101,12,1,0
BRDA:123,13,0,0
BRDA:123,13,1,0
BRF:30
BRH:0
end_of_record
TN:
SF:src/components/TaskStats.jsx
FN:6,(anonymous_0)
FN:13,(anonymous_1)
FN:15,(anonymous_2)
FN:17,(anonymous_3)
FN:45,(anonymous_4)
FN:50,(anonymous_5)
FN:51,(anonymous_6)
FN:51,(anonymous_7)
FN:53,(anonymous_8)
FNF:9
FNH:0
FNDA:0,(anonymous_0)
FNDA:0,(anonymous_1)
FNDA:0,(anonymous_2)
FNDA:0,(anonymous_3)
FNDA:0,(anonymous_4)
FNDA:0,(anonymous_5)
FNDA:0,(anonymous_6)
FNDA:0,(anonymous_7)
FNDA:0,(anonymous_8)
DA:6,0
DA:7,0
DA:8,0
DA:9,0
DA:11,0
DA:13,0
DA:14,0
DA:16,0
DA:17,0
DA:21,0
DA:27,0
DA:45,0
DA:51,0
DA:53,0
LF:14
LH:0
BRDA:55,0,0,0
BRDA:55,0,1,0
BRDA:75,1,0,0
BRDA:75,1,1,0
BRF:4
BRH:0
end_of_record
TN:
SF:src/components/navigation.jsx
FN:5,(anonymous_0)
FN:9,(anonymous_1)
FN:17,(anonymous_2)
FN:21,(anonymous_3)
FN:55,(anonymous_4)
FN:61,(anonymous_5)
FNF:6
FNH:0
FNDA:0,(anonymous_0)
FNDA:0,(anonymous_1)
FNDA:0,(anonymous_2)
FNDA:0,(anonymous_3)
FNDA:0,(anonymous_4)
FNDA:0,(anonymous_5)
DA:5,0
DA:6,0
DA:7,0
DA:9,0
DA:10,0
DA:11,0
DA:13,0
DA:17,0
DA:18,0
DA:21,0
DA:22,0
DA:25,0
DA:55,0
DA:61,0
LF:14
LH:0
BRDA:10,0,0,0
BRDA:10,0,1,0
BRDA:51,1,0,0
BRDA:51,1,1,0
BRF:4
BRH:0
end_of_record
TN:
SF:src/config/api.js
FN:6,(anonymous_0)
FN:7,(anonymous_1)
FNF:2
FNH:0
FNDA:0,(anonymous_0)
FNDA:0,(anonymous_1)
DA:1,0
DA:6,0
DA:7,0
LF:3
LH:0
BRDA:2,0,0,0
BRDA:2,0,1,0
BRF:2
BRH:0
end_of_record
TN:
SF:src/features/todosSlice.js
FN:6,(anonymous_0)
FN:21,(anonymous_1)
FN:40,(anonymous_2)
FN:59,(anonymous_3)
FN:82,(anonymous_4)
FN:86,(anonymous_5)
FN:89,(anonymous_6)
FN:93,(anonymous_7)
FN:98,(anonymous_8)
FN:104,(anonymous_9)
FN:108,(anonymous_10)
FN:113,(anonymous_11)
FN:119,(anonymous_12)
FN:123,(anonymous_13)
FN:125,(anonymous_14)
FN:131,(anonymous_15)
FN:137,(anonymous_16)
FN:141,(anonymous_17)
FN:143,(anonymous_18)
FN:146,(anonymous_19)
FNF:20
FNH:20
FNDA:4,(anonymous_0)
FNDA:2,(anonymous_1)
FNDA:2,(anonymous_2)
FNDA:2,(anonymous_3)
FNDA:1,(anonymous_4)
FNDA:1,(anonymous_5)
FNDA:4,(anonymous_6)
FNDA:1,(anonymous_7)
FNDA:4,(anonymous_8)
FNDA:2,(anonymous_9)
FNDA:3,(anonymous_10)
FNDA:1,(anonymous_11)
FNDA:2,(anonymous_12)
FNDA:2,(anonymous_13)
FNDA:1,(anonymous_14)
FNDA:1,(anonymous_15)
FNDA:2,(anonymous_16)
FNDA:2,(anonymous_17)
FNDA:2,(anonymous_18)
FNDA:1,(anonymous_19)
DA:4,1
DA:7,4
DA:8,4
DA:9,2
DA:10,1
DA:12,1
DA:14,3
DA:19,1
DA:22,2
DA:23,2
DA:28,1
DA:29,0
DA:31,1
DA:33,1
DA:38,1
DA:41,2
DA:42,2
DA:47,1
DA:48,0
DA:50,1
DA:52,1
DA:57,1
DA:60,2
DA:61,2
DA:64,1
DA:65,0
DA:67,1
DA:69,1
DA:74,1
DA:83,1
DA:87,1
DA:90,4
DA:91,4
DA:94,1
DA:95,1
DA:96,1
DA:99,4
DA:100,4
DA:105,2
DA:106,2
DA:109,3
DA:110,3
DA:111,3
DA:114,1
DA:115,1
DA:120,2
DA:121,2
DA:124,2
DA:125,2
DA:126,2
DA:127,1
DA:129,2
DA:132,1
DA:133,1
DA:138,2
DA:139,2
DA:142,2
DA:143,2
DA:144,2
DA:147,1
DA:148,1
DA:153,1
LF:62
LH:59
BRDA:9,0,0,1
BRDA:9,0,1,1
BRDA:28,1,0,0
BRDA:28,1,1,1
BRDA:47,2,0,0
BRDA:47,2,1,1
BRDA:64,3,0,0
BRDA:64,3,1,1
BRDA:100,4,0,4
BRDA:100,4,1,1
BRDA:115,5,0,1
BRDA:115,5,1,0
BRDA:126,6,0,1
BRDA:126,6,1,1
BRDA:133,7,0,1
BRDA:133,7,1,0
BRDA:148,8,0,1
BRDA:148,8,1,0
BRF:18
BRH:12
end_of_record
TN:
SF:src/pages/Home.jsx
FN:11,(anonymous_0)
FN:21,(anonymous_1)
FN:22,(anonymous_2)
FN:24,(anonymous_3)
FN:39,(anonymous_4)
FN:47,(anonymous_5)
FNF:6
FNH:0
FNDA:0,(anonymous_0)
FNDA:0,(anonymous_1)
FNDA:0,(anonymous_2)
FNDA:0,(anonymous_3)
FNDA:0,(anonymous_4)
FNDA:0,(anonymous_5)
DA:11,0
DA:12,0
DA:13,0
DA:14,0
DA:16,0
DA:21,0
DA:22,0
DA:24,0
DA:25,0
DA:26,0
DA:31,0
DA:33,0
DA:39,0
DA:47,0
LF:14
LH:0
BRDA:25,0,0,0
BRDA:25,0,1,0
BRDA:31,1,0,0
BRDA:31,1,1,0
BRF:4
BRH:0
end_of_record
TN:
SF:src/pages/Mail.jsx
FN:3,(anonymous_0)
FNF:1
FNH:0
FNDA:0,(anonymous_0)
DA:3,0
DA:4,0
LF:2
LH:0
BRF:0
BRH:0
end_of_record
TN:
SF:src/pages/Messages.jsx
FN:3,(anonymous_0)
FNF:1
FNH:0
FNDA:0,(anonymous_0)
DA:3,0
DA:4,0
LF:2
LH:0
BRF:0
BRH:0
end_of_record
TN:
SF:src/pages/Settings.jsx
FN:3,(anonymous_0)
FNF:1
FNH:0
FNDA:0,(anonymous_0)
DA:3,0
DA:4,0
LF:2
LH:0
BRF:0
BRH:0
end_of_record
TN:
SF:src/pages/Users.jsx
FN:3,(anonymous_0)
FNF:1
FNH:0
FNDA:0,(anonymous_0)
DA:3,0
DA:4,0
LF:2
LH:0
BRF:0
BRH:0
end_of_record
